1 2 21.209
1 2 20.651
1 2 20.517
1 2 20.472
1 2 21.117
1 2 21.238
1 2 20.530
1 2 20.674
1 2 23.345
1 2 22.196
1 2 20.378
1 2 20.621
1 2 21.476
1 2 21.077
1 2 20.843
1 2 21.261
1 2 21.564
1 2 20.899
1 2 21.608
1 2 21.416
1 2 21.672
1 2 20.829
1 2 20.548
1 2 20.441
1 2 23.856
1 2 20.719
1 2 20.531
1 2 22.658
1 2 20.613
1 2 21.846
1 2 21.589
1 2 20.668
1 2 20.654
1 2 20.363
1 2 21.008
1 2 21.574
1 2 20.916
1 2 20.573
1 2 20.282
1 2 21.091
1 2 20.857
1 2 23.311
1 2 20.907
1 2 20.451
1 2 21.033
1 2 21.641
1 2 20.542
1 2 20.945
1 2 20.658
1 2 21.471
1 2 21.350
1 2 20.656
1 2 21.327
1 2 20.637
1 2 23.136
1 2 21.503
1 2 20.886
1 2 21.209
1 2 21.319
1 2 22.930
1 2 20.946
1 2 21.462
1 2 20.299
1 2 20.684
1 2 21.585
1 2 20.668
1 2 21.503
1 2 20.703
1 2 20.574
1 2 21.033
1 2 20.604
1 2 21.293
1 2 20.414
1 2 21.147
1 2 21.365
1 2 20.556
1 2 23.414
1 2 21.264
1 2 21.863
1 2 20.241
1 2 20.534
1 2 22.034
1 2 21.290
1 2 20.832
1 2 20.388
1 2 22.945
1 2 21.974
1 2 21.941
1 2 21.840
1 2 21.365
1 2 20.910
1 2 22.630
1 2 20.913
1 2 21.683
1 2 20.736
1 2 20.579
1 2 20.694
1 2 21.089
1 2 20.811
1 2 22.070
1 2 21.561
1 2 20.235
1 2 20.771
1 2 20.697
1 2 3.136
1 2 2.296
1 2 4.380
1 2 4.957
1 2 2.262
1 2 2.790
1 2 2.495
1 2 3.029
1 2 3.239
1 2 2.517
1 2 2.614
1 2 3.102
1 2 2.764
1 2 2.387
1 2 3.023
1 2 3.258
1 2 3.204
1 2 2.397
1 2 2.861
1 2 3.115
1 2 2.559
1 2 2.368
1 2 3.734
1 2 2.315
1 2 2.669
1 2 3.552
1 2 3.305
1 2 3.253
1 2 3.101
1 2 3.429
1 2 3.606
1 2 2.731
1 2 2.478
1 2 2.746
1 2 2.931
1 2 2.763
1 2 2.509
1 2 4.218
1 2 3.685
1 2 2.320
1 2 2.624
1 2 2.575
1 2 2.579
1 2 2.405
1 2 3.136
1 2 2.618
1 2 3.239
1 2 2.636
1 2 4.957
1 2 3.810
1 2 2.792
1 2 2.673
1 2 3.082
1 2 2.706
1 2 3.331
1 2 3.117
1 2 3.316
1 2 2.670
1 2 2.359
1 2 2.549
1 2 2.891
1 2 4.159
1 2 3.600
1 2 2.447
1 2 7.422
1 2 2.833
1 2 5.439
1 2 2.515
1 2 3.506
1 2 4.208
1 2 3.141
1 2 2.321
1 2 3.214
1 2 3.220
1 2 2.286
1 2 3.298
1 2 2.958
1 2 2.901
1 2 2.886
1 2 2.796
1 2 3.288
1 2 2.293
1 2 2.739
1 2 4.503
1 2 3.627
1 2 3.102
1 2 2.850
1 2 2.680
1 2 2.381
1 2 2.647
1 2 2.267
1 2 3.180
1 2 2.559
1 2 4.315
1 2 2.398
1 2 2.787
1 2 2.472
1 2 2.764
1 2 2.361
1 2 2.776
1 2 2.457
1 2 2.619
1 2 3.192
1 2 2.642
1 2 2.447
1 2 3.475
1 2 2.937
1 2 3.395
1 2 2.556
1 2 2.826
1 2 4.003
1 2 3.615
1 2 2.690
1 2 3.106
1 2 3.636
1 2 2.812
1 2 2.658
1 2 3.451
1 2 2.803
1 2 2.440
1 2 2.443
1 2 2.824
1 2 2.558
1 2 2.785
1 2 3.869
1 2 2.455
1 2 3.705
1 2 2.193
1 2 3.490
1 2 2.905
1 2 3.273
1 2 3.994
1 2 2.458
1 2 2.342
1 2 2.572
1 2 2.607
1 2 3.942
1 2 4.059
1 2 2.901
1 2 3.222
1 2 2.412
1 2 3.299
1 2 2.279
1 2 2.664
1 2 2.827
1 2 2.424
1 2 2.419
1 2 2.509
1 2 2.557
1 2 2.185
1 2 2.510
1 2 2.735
1 2 3.137
1 2 2.355
1 2 2.859
1 2 2.460
1 2 2.827
1 2 2.533
1 2 3.157
1 2 3.107
1 2 2.666
1 2 2.874
1 2 3.208
1 2 2.402
1 2 3.450
1 2 2.691
1 2 2.397
1 2 2.458
1 2 3.767
1 2 5.499
1 2 2.174
1 2 2.838
1 2 2.747
1 2 2.789
1 2 3.490
1 2 3.829
1 2 6.032
1 2 3.526
1 2 2.256
1 2 2.716
1 2 2.580
1 2 2.620
1 2 3.313
1 2 3.306
1 2 3.370
1 2 2.442
1 3 832.998
1 3 951.703
1 3 3.391
1 3 2.746
1 3 2.718
1 3 2.750
1 4 56.762
1 4 61.045
1 4 60.692
1 4 60.772
1 4 60.559
1 4 61.392
1 4 60.908
1 4 61.069
1 4 60.860
1 4 60.603
1 4 60.730
1 4 60.263
1 4 60.552
1 4 62.290
1 4 60.396
1 4 63.403
1 4 61.201
1 4 60.573
1 4 61.363
1 4 64.001
1 4 60.379
1 4 60.491
1 4 60.469
1 4 60.922
1 4 61.417
1 4 60.389
1 4 63.151
1 4 60.930
1 4 61.602
1 4 60.649
1 4 60.638
1 4 62.150
1 4 61.788
1 4 60.796
1 4 61.315
1 4 61.321
1 4 62.629
1 4 61.766
1 4 62.647
1 4 61.742
1 4 62.382
1 4 60.528
1 4 61.249
1 4 60.785
1 4 61.247
1 4 61.569
1 4 60.787
1 4 61.524
1 4 60.611
1 4 61.249
1 4 60.552
1 4 60.815
1 4 62.096
1 4 61.040
1 4 61.374
1 4 62.235
1 4 60.484
1 4 60.595
1 4 60.635
1 4 60.545
1 4 61.379
1 4 62.671
1 4 62.084
1 4 60.757
1 4 60.855
1 4 60.788
1 4 61.291
1 4 61.954
1 4 63.609
1 4 62.261
1 4 61.544
1 4 61.298
1 4 61.147
1 4 61.274
1 4 61.962
1 4 61.530
1 4 61.403
1 4 60.502
1 4 61.429
1 4 60.890
1 4 60.791
1 4 61.688
1 4 62.767
1 4 61.573
1 4 61.589
1 4 62.871
1 4 60.720
1 4 60.764
1 4 61.576
1 4 60.572
1 4 60.575
1 4 60.846
1 4 62.157
1 4 60.726
1 4 60.855
1 4 61.484
1 4 60.528
1 4 60.610
1 4 61.098
1 4 65.281
1 4 62.152
1 4 61.437
1 4 60.898
1 4 60.834
1 4 60.543
1 4 64.250
1 4 61.745
1 4 61.424
1 4 60.579
1 4 61.259
1 4 62.050
1 4 60.436
1 4 61.654
1 4 62.956
1 4 62.341
1 4 60.445
1 4 61.040
1 4 61.567
1 4 61.154
1 4 61.001
1 4 62.299
1 4 61.075
1 4 60.803
1 4 61.351
1 4 60.985
1 4 60.303
1 4 61.536
1 4 61.720
1 4 60.361
1 4 61.339
1 4 60.480
1 4 60.791
1 4 61.954
1 4 61.345
1 4 60.360
1 4 61.782
1 5 174.584
1 5 201.023
1 5 200.538
1 5 200.562
1 5 202.531
1 5 200.718
1 5 200.968
1 5 200.625
1 5 201.692
1 5 200.575
1 5 201.438
1 5 200.524
1 5 202.821
1 5 200.402
1 5 200.973
1 5 203.080
1 5 200.534
1 5 201.934
1 5 200.465
1 5 200.841
1 5 201.169
1 5 200.797
1 5 202.526
1 5 200.889
1 5 201.555
1 5 201.232
1 5 200.858
1 5 201.592
1 5 200.674
1 5 201.188
1 5 202.737
1 5 205.889
1 5 200.331
1 5 201.336
1 5 201.611
1 5 200.806
1 5 205.192
1 5 201.071
1 5 201.167
1 5 201.064
1 5 200.922
1 5 202.060
1 5 200.917
1 5 201.001
1 5 205.481
1 5 203.561
1 5 200.549
2 1 24.026
2 1 20.498
2 1 20.654
2 1 20.791
2 1 21.535
2 1 22.232
2 1 20.719
2 1 20.851
2 1 20.421
2 1 20.905
2 1 22.070
2 1 22.945
2 1 21.023
2 1 22.127
2 1 21.103
2 1 20.534
2 1 20.749
2 1 20.583
2 1 21.355
2 1 22.480
2 1 20.498
2 1 21.037
2 1 20.764
2 1 22.051
2 1 21.724
2 1 21.618
2 1 22.252
2 1 22.459
2 1 21.644
2 1 20.479
2 1 21.052
2 1 20.242
2 1 21.579
2 1 20.628
2 1 22.065
2 1 20.544
2 1 20.414
2 1 20.739
2 1 20.732
2 1 23.482
2 1 23.337
2 1 20.251
2 1 20.688
2 1 24.203
2 1 21.256
2 1 21.227
2 1 20.297
2 1 20.693
2 1 21.647
2 1 21.319
2 1 22.276
2 1 21.519
2 1 21.074
2 1 22.188
2 1 21.773
2 1 22.629
2 1 22.426
2 1 24.386
2 1 22.128
2 1 20.640
2 1 22.082
2 1 21.370
2 1 22.000
2 1 20.679
2 1 21.559
2 1 20.481
2 1 21.021
2 1 21.867
2 1 20.672
2 1 21.578
2 1 20.840
2 1 23.332
2 1 22.048
2 1 23.024
2 1 20.403
2 1 20.736
2 1 21.654
2 1 20.765
2 1 26.246
2 1 23.420
2 1 21.767
2 1 20.268
2 1 20.448
2 1 20.246
2 1 21.147
2 1 24.059
2 1 20.257
2 1 20.585
2 1 22.262
2 1 20.515
2 1 21.723
2 1 20.431
2 1 20.888
2 1 21.324
2 1 21.074
2 1 21.593
2 1 23.098
2 1 20.760
2 1 21.922
2 1 22.267
2 1 20.498
2 1 21.072
2 1 21.301
2 1 20.681
2 1 22.401
2 1 20.869
2 1 21.622
2 1 24.588
2 1 23.543
2 1 20.975
2 1 21.140
2 1 20.942
2 1 20.729
2 1 21.603
2 1 20.413
2 1 22.121
2 1 21.312
2 1 21.516
2 1 20.909
2 1 21.780
2 1 20.509
2 1 20.578
2 1 22.068
2 1 20.742
2 1 21.064
2 1 20.344
2 1 21.549
2 1 21.065
2 1 25.748
2 1 24.436
2 1 21.131
2 1 21.445
2 1 22.194
2 1 21.839
2 1 21.226
2 1 20.925
2 1 24.381
2 1 21.135
2 1 22.068
2 1 21.030
2 1 20.536
2 1 21.988
2 1 21.344
2 1 20.569
2 1 20.154
2 1 22.238
2 1 21.680
2 1 23.338
2 1 21.565
2 1 21.128
2 1 21.679
2 1 5.045
2 1 3.286
2 1 4.189
2 1 2.706
2 1 2.699
2 1 2.516
2 1 2.265
2 1 2.356
2 1 2.344
2 1 7.902
2 1 3.058
2 1 2.995
2 1 2.508
2 1 2.260
2 1 2.400
2 1 2.609
2 1 3.255
2 1 2.612
2 1 3.980
2 1 3.712
2 1 2.413
2 1 3.228
2 1 2.634
2 1 2.592
2 1 3.393
2 1 2.832
2 1 2.319
2 1 2.330
2 1 2.913
2 1 5.428
2 1 2.354
2 1 2.640
2 1 3.318
2 1 2.784
2 1 2.956
2 1 3.312
2 1 2.696
2 1 4.214
2 1 2.555
2 1 3.122
2 1 2.363
2 1 4.061
2 1 2.268
2 1 2.558
2 1 3.863
2 1 2.461
2 1 3.019
2 1 2.460
2 1 2.434
2 1 3.450
2 1 2.450
2 1 2.425
2 1 3.512
2 1 2.874
2 1 5.633
2 1 2.728
2 1 2.260
2 1 2.227
2 1 2.475
2 1 2.579
2 1 2.671
2 1 2.679
2 1 3.479
2 1 3.748
2 1 2.458
2 1 3.114
2 1 3.448
2 1 2.800
2 1 3.490
2 1 2.511
2 1 2.309
2 1 3.636
2 1 2.850
2 1 2.339
2 1 4.416
2 1 2.620
2 1 2.765
2 1 3.554
2 1 3.956
2 1 2.706
2 1 2.363
2 1 3.052
2 1 2.314
2 1 3.984
2 1 4.377
2 1 2.511
2 1 3.113
2 1 2.481
2 1 2.790
2 1 2.634
2 1 2.546
2 1 3.266
2 1 3.252
2 1 3.164
2 1 3.020
2 1 4.413
2 1 2.307
2 1 2.431
2 1 2.746
2 1 4.326
2 1 2.427
2 1 3.702
2 1 4.083
2 1 4.269
2 1 2.393
2 1 2.871
2 1 2.492
2 1 3.806
2 1 2.321
2 1 2.821
2 1 2.916
2 1 3.171
2 1 3.164
2 1 2.443
2 1 2.990
2 1 3.286
2 1 2.883
2 1 3.875
2 1 3.618
2 1 3.895
2 1 2.392
2 1 2.891
2 1 2.342
2 1 2.899
2 1 4.489
2 1 2.991
2 1 5.800
2 1 2.279
2 1 2.342
2 1 2.598
2 1 2.281
2 1 3.590
2 1 2.269
2 1 2.693
2 3 41.943
2 3 2.514
2 3 2.931
2 3 2.578
2 3 4.281
2 3 2.598
2 3 2.993
2 3 2.720
2 3 3.422
2 3 2.971
2 3 2.320
2 3 2.431
2 3 3.115
2 3 3.558
2 3 3.182
2 3 4.255
2 3 2.607
2 3 2.846
2 3 3.522
2 3 2.296
2 3 2.306
2 3 3.254
2 3 2.660
2 3 2.509
2 3 2.332
2 3 2.538
2 3 2.375
2 3 4.117
2 3 2.510
2 3 3.230
2 3 3.600
2 3 2.555
2 3 2.354
2 3 2.953
2 3 2.321
2 3 2.909
2 3 2.248
2 3 2.589
2 3 2.875
2 3 4.874
2 3 2.232
2 3 3.288
2 3 3.604
2 3 3.237
2 3 3.973
2 3 2.976
2 3 2.260
2 3 2.844
2 3 4.390
2 3 2.393
2 3 2.451
2 3 2.478
2 3 3.148
2 3 2.614
2 3 2.600
2 3 2.297
2 3 3.341
2 3 2.722
2 3 2.153
2 3 4.049
2 3 2.528
2 3 2.848
2 3 3.949
2 3 2.522
2 3 2.342
2 3 2.276
2 3 3.786
2 3 2.284
2 3 2.647
2 3 2.666
2 3 2.249
2 3 2.400
2 3 2.686
2 3 3.205
2 3 2.776
2 3 3.673
2 3 2.810
2 3 3.471
2 3 2.296
2 3 5.016
2 3 2.825
2 3 4.584
2 3 3.037
2 3 3.293
2 3 2.827
2 3 2.739
2 3 2.299
2 3 2.296
2 3 3.218
2 3 2.351
2 3 2.877
2 3 2.475
2 3 3.442
2 3 2.307
2 3 2.542
2 3 2.484
2 3 3.449
2 3 2.534
2 3 2.399
2 3 3.615
2 3 2.886
2 3 3.239
2 3 2.686
2 3 2.934
2 3 2.628
2 3 3.686
2 3 2.517
2 3 2.314
2 3 2.418
2 3 2.521
2 3 3.169
2 3 2.280
2 3 3.003
2 3 2.387
2 3 2.951
2 3 2.682
2 3 2.546
2 3 2.599
2 3 2.353
2 3 2.340
2 3 2.504
2 3 2.766
2 3 2.487
2 3 2.949
2 3 2.817
2 3 2.744
2 3 3.373
2 3 2.266
2 3 2.556
2 3 3.171
2 3 2.482
2 3 2.554
2 3 2.303
2 3 2.534
2 3 2.610
2 3 2.263
2 3 2.578
2 3 2.331
2 3 2.521
2 3 2.446
2 3 2.401
2 3 2.430
2 3 2.374
2 3 3.868
2 3 2.932
2 3 2.830
2 3 2.556
2 3 3.073
2 3 4.099
2 3 2.893
2 3 4.982
2 3 4.368
2 3 2.308
2 3 2.202
2 3 4.619
2 3 2.220
2 3 2.628
2 3 2.859
2 3 2.862
2 3 5.533
2 3 2.921
2 3 2.753
2 3 2.494
2 3 2.349
2 3 3.691
2 3 2.552
2 3 3.258
2 3 3.386
2 3 2.369
2 3 5.141
2 3 3.236
2 5 114.931
2 5 102.298
2 5 101.032
2 5 100.865
2 5 102.046
2 5 100.413
2 5 101.637
2 5 100.288
2 5 100.509
2 5 103.203
2 5 100.641
2 5 100.379
2 5 105.549
2 5 101.879
2 5 100.917
2 5 103.709
2 5 100.932
2 5 100.988
2 5 101.053
2 5 101.543
2 5 102.654
2 5 100.887
2 5 100.921
2 5 100.874
2 5 100.676
2 5 101.601
2 5 100.610
2 5 100.744
2 5 101.467
2 5 100.925
2 5 101.064
2 5 100.885
2 5 101.790
2 5 100.210
2 5 100.662
2 5 100.553
2 5 102.501
2 5 102.354
2 5 105.066
2 5 101.114
2 5 100.809
3 1 683.031
3 1 826.760
3 1 2.973
3 1 2.438
3 1 3.889
3 1 2.655
3 2 2.618
3 2 3.139
3 2 2.347
3 2 3.068
3 2 2.772
3 2 2.401
3 2 3.279
3 2 2.462
3 2 4.269
3 2 3.360
3 2 5.221
3 2 3.072
3 2 2.329
3 2 2.487
3 2 2.703
3 2 3.008
3 2 2.474
3 2 2.604
3 2 3.542
3 2 2.467
3 2 2.721
3 2 2.311
3 2 2.297
3 2 2.932
3 2 2.849
3 2 3.204
3 2 3.647
3 2 2.529
3 2 2.851
3 2 2.776
3 2 2.987
3 2 3.123
3 2 2.484
3 2 2.549
3 2 2.422
3 2 2.359
3 2 2.737
3 2 2.579
3 2 2.559
3 2 3.688
3 2 2.468
3 2 2.788
3 2 3.278
3 2 3.036
3 2 2.466
3 2 2.838
3 2 2.460
3 2 2.615
3 2 2.353
3 2 2.298
3 2 2.501
3 2 2.932
3 2 4.730
3 2 3.717
3 2 2.429
3 2 2.902
3 2 2.601
3 2 2.338
3 2 2.692
3 2 2.516
3 2 2.455
3 2 2.631
3 2 4.754
3 2 2.518
3 2 4.102
3 2 4.882
3 2 4.750
3 2 3.140
3 2 4.801
3 2 2.866
3 2 2.848
3 2 2.473
3 2 3.808
3 2 2.783
3 2 3.625
3 2 3.329
3 2 2.618
3 2 2.771
3 2 2.514
3 2 2.986
3 2 2.779
3 2 2.429
3 2 4.284
3 2 2.398
3 2 3.143
3 2 2.769
3 2 3.110
3 2 2.386
3 2 3.224
3 2 3.065
3 2 2.334
3 2 2.564
3 2 5.598
3 2 2.472
3 2 2.991
3 2 2.307
3 2 3.089
3 2 3.822
3 2 2.566
3 2 4.693
3 2 4.187
3 2 3.973
3 2 2.743
3 2 3.976
3 2 2.773
3 2 3.172
3 2 3.141
3 2 2.901
3 2 2.573
3 2 3.142
3 2 3.068
3 2 3.312
3 2 2.462
3 2 2.382
3 2 2.949
3 2 3.852
3 2 3.048
3 2 4.650
3 2 4.914
3 2 3.465
3 2 2.362
3 2 3.260
3 2 4.000
3 2 2.317
3 2 2.498
3 2 2.674
3 2 2.410
3 2 3.296
3 2 2.289
3 2 4.476
3 2 2.671
3 2 5.959
3 2 2.274
3 2 4.102
3 2 3.558
3 2 2.462
3 2 2.520
3 2 2.528
3 2 3.217
3 2 2.502
3 2 2.686
3 2 3.627
3 2 4.259
3 2 2.328
3 2 2.666
3 2 2.594
3 2 2.688
3 2 2.439
3 2 2.674
3 2 2.293
3 2 2.403
3 2 3.220
3 2 2.570
3 2 2.901
3 2 3.337
3 2 2.606
3 2 4.433
3 2 2.340
3 2 2.263
3 2 2.535
3 6 82.177
3 6 2.685
3 6 4.228
3 6 3.229
3 6 3.433
3 6 4.242
3 6 2.585
3 6 2.849
3 6 2.314
3 6 4.766
3 6 2.807
3 6 3.142
3 6 2.287
3 6 2.780
3 6 2.392
3 6 4.389
3 6 4.683
3 6 3.188
3 6 2.403
3 6 3.281
3 6 3.360
3 6 2.358
3 6 3.178
3 6 2.699
3 6 4.070
3 6 3.986
3 6 3.463
3 6 2.640
3 6 3.305
3 6 3.460
3 6 3.352
3 6 2.582
3 6 2.470
3 6 3.219
3 6 2.509
3 6 3.972
3 6 3.161
3 6 2.566
3 6 3.613
3 6 3.899
3 6 2.546
3 6 2.615
3 6 3.143
3 6 2.865
3 6 2.926
3 6 2.577
3 6 2.609
3 6 2.581
3 6 3.654
3 6 2.524
3 6 3.442
3 6 3.790
3 6 2.901
3 6 4.221
3 6 5.095
3 6 2.667
3 6 4.616
3 6 3.473
3 6 3.921
3 6 2.435
3 6 3.240
3 6 2.350
3 6 2.162
3 6 3.736
3 6 2.408
3 6 2.365
3 6 2.592
3 6 4.041
3 6 2.410
3 6 4.223
3 6 2.203
3 6 2.725
3 6 4.025
3 6 2.344
3 6 2.797
3 6 3.655
3 6 2.688
3 6 3.401
3 6 2.279
3 6 2.534
3 6 3.443
3 6 2.765
3 6 2.814
3 6 3.333
3 6 2.466
3 6 2.546
3 6 2.945
3 6 3.113
3 6 3.679
3 6 2.547
3 6 3.043
3 6 2.764
3 6 2.405
3 6 2.484
3 6 2.874
3 6 2.614
3 6 3.116
3 6 5.167
3 6 2.723
3 6 2.984
3 6 2.429
3 6 2.388
3 6 2.312
3 6 2.783
3 6 2.709
3 6 3.016
3 6 2.561
3 6 2.902
3 6 2.658
3 6 2.940
3 6 2.730
3 6 2.580
3 6 2.358
3 6 2.353
3 6 2.319
3 6 2.492
3 6 2.813
3 6 3.208
3 6 2.672
3 6 2.651
3 6 2.528
3 6 3.206
3 6 2.665
3 6 2.850
3 6 3.228
3 6 2.896
3 6 3.333
3 6 2.577
3 6 3.204
3 6 2.410
3 6 2.575
3 6 3.521
3 6 2.326
3 6 2.421
3 6 3.491
3 6 2.436
3 6 2.712
3 6 3.149
3 6 2.955
3 6 2.461
3 6 3.035
3 6 2.644
3 6 2.735
3 6 2.541
3 6 2.660
3 6 2.684
3 6 3.572
3 6 4.639
3 6 2.583
3 6 2.616
3 6 2.853
3 6 2.834
3 6 2.857
3 6 2.431
3 6 2.688
3 6 3.114
3 6 7.447
3 6 2.782
3 6 3.395
4 5 179.888
4 5 60.657
4 5 60.826
4 5 61.487
4 5 63.250
4 5 61.121
4 5 60.997
4 5 60.562
4 5 60.895
4 5 60.918
4 5 60.951
4 5 62.593
4 5 60.780
4 5 61.380
4 5 61.045
4 5 61.343
4 5 60.615
4 5 61.156
4 5 61.841
4 5 60.489
4 5 61.329
4 5 61.179
4 5 60.830
4 5 60.552
4 5 61.290
4 5 60.682
4 5 60.489
4 5 60.467
4 5 62.950
4 5 62.191
4 5 60.602
4 5 62.229
4 5 60.758
4 5 60.840
4 5 61.325
4 5 60.957
4 5 61.739
4 5 62.290
4 5 61.734
4 5 60.582
4 5 60.598
4 5 62.137
4 5 61.373
4 5 62.251
4 5 60.943
4 5 61.620
4 5 61.587
4 5 61.713
4 5 63.036
4 5 61.373
4 5 61.888
4 5 61.616
4 5 60.684
4 5 61.171
4 5 62.623
4 5 61.880
4 5 60.516
4 5 61.373
4 5 62.075
4 5 60.737
4 5 60.637
4 5 63.252
4 5 63.876
4 5 61.551
4 5 62.024
4 5 62.613
4 5 61.410
4 5 60.943
4 5 60.924
4 5 61.161
4 5 61.614
4 5 62.047
4 5 61.664
4 5 61.200
4 5 60.388
4 5 61.649
4 5 62.351
4 5 61.310
4 5 61.517
4 5 60.751
4 5 60.462
4 5 60.785
4 5 62.669
4 5 60.422
4 5 60.814
4 5 61.406
4 5 63.261
4 5 60.529
4 5 60.914
4 5 61.911
4 5 60.517
4 5 61.579
4 5 60.873
4 5 60.366
4 5 60.503
4 5 60.458
4 5 60.876
4 5 61.001
4 5 62.467
4 5 61.828
4 5 60.736
4 5 60.492
4 5 60.866
4 5 61.085
4 5 60.496
4 5 60.536
4 5 60.488
4 5 60.635
4 5 61.755
4 5 60.984
4 5 60.444
4 5 60.475
4 5 60.472
4 5 60.755
4 5 60.796
4 5 60.552
4 5 62.198
5 1 200.718
5 1 202.238
5 1 200.315
5 1 200.270
5 1 201.223
5 1 204.081
5 1 201.102
5 1 203.174
5 1 201.487
5 1 201.945
5 1 202.002
5 1 202.527
5 1 200.881
5 1 202.216
5 1 200.848
5 1 201.294
5 1 203.421
5 1 201.214
5 1 201.394
5 1 200.924
5 1 200.892
5 1 205.480
5 1 200.703
5 1 200.462
5 1 201.350
5 1 201.290
5 2 100.470
5 2 101.432
5 2 101.986
5 2 100.468
5 2 101.634
5 2 100.923
5 2 101.676
5 2 103.039
5 2 102.909
5 2 101.999
5 2 100.988
5 2 100.830
5 2 101.611
5 2 100.809
5 2 100.830
5 2 101.197
5 2 100.339
5 2 101.578
5 2 103.510
5 2 102.701
5 2 101.146
5 2 100.533
5 2 101.823
5 2 105.347
5 2 102.218
5 6 99.983
5 6 61.933
5 6 60.763
5 6 60.627
5 6 62.420
5 6 60.347
5 6 60.533
5 6 60.451
5 6 60.357
5 6 60.424
5 6 61.347
5 6 61.456
5 6 61.411
5 6 61.291
5 6 61.205
5 6 61.395
5 6 62.563
5 6 62.262
5 6 60.726
5 6 64.498
5 6 62.557
5 6 60.385
5 6 60.512
5 6 60.847
5 6 61.125
5 6 62.131
5 6 60.937
5 6 63.391
5 6 61.232
5 6 63.509
5 6 61.246
5 6 61.163
5 6 60.514
5 6 62.031
5 6 60.451
5 6 61.282
5 6 60.788
5 6 60.500
5 6 61.355
5 6 62.246
5 6 61.295
5 6 60.501
5 6 60.924
5 6 60.571
5 6 61.573
5 6 61.331
5 6 61.739
5 6 61.800
5 6 61.551
5 6 61.962
5 6 60.891
5 6 60.790
5 6 60.551
5 6 61.266
5 6 61.391
5 6 60.670
5 6 60.823
5 6 60.309
5 6 62.479
5 6 61.319
5 6 64.346
5 6 60.476
5 6 60.790
5 6 61.235
5 6 61.180
5 6 60.764
5 6 60.306
5 6 61.390
5 6 63.072
5 6 60.716
5 6 62.579
5 6 60.716
5 6 60.699
5 6 61.116
5 6 61.446
5 6 60.701
5 6 61.112
5 6 61.197
5 6 60.349
5 6 61.951
5 6 60.896
5 6 61.132
5 6 62.561
5 6 61.530
5 6 61.120
5 6 60.361
5 6 61.341
5 6 60.434
5 6 61.370
5 6 60.748
5 6 60.605
5 6 60.899
5 6 60.468
5 6 60.396
5 6 60.818
5 6 61.098
5 6 64.768
5 6 60.481
5 6 60.983
5 6 60.311
5 6 60.465
5 6 62.900
5 6 60.602
5 6 60.492
5 6 61.450
5 6 61.726
5 6 62.462
5 6 60.542
5 6 62.068
5 9 48.420
5 9 3.318
5 9 2.503
5 9 2.427
5 9 3.080
5 9 3.741
5 9 2.761
5 9 3.506
5 9 2.465
5 9 3.164
5 9 2.603
5 9 2.448
5 9 2.894
5 9 2.692
5 9 2.280
5 9 2.470
5 9 3.469
5 9 2.678
5 9 2.769
5 9 2.409
5 9 2.259
5 9 2.997
5 9 4.003
5 9 2.523
5 9 2.851
5 9 3.012
5 9 2.882
5 9 6.050
5 9 3.720
5 9 2.992
5 9 2.194
5 9 3.563
5 9 2.262
5 9 2.184
5 9 2.560
5 9 2.991
5 9 3.531
5 9 3.495
5 9 6.647
5 9 3.256
5 9 2.864
5 9 4.333
5 9 2.607
5 9 2.615
5 9 3.182
5 9 2.365
5 9 2.271
5 9 2.372
5 9 2.552
5 9 3.171
5 9 3.695
5 9 2.848
5 9 2.296
5 9 2.238
5 9 2.300
5 9 4.544
5 9 3.585
5 9 3.463
5 9 2.488
5 9 3.263
5 9 2.462
5 9 3.752
5 9 3.350
5 9 2.566
5 9 2.593
5 9 2.671
5 9 2.838
5 9 3.579
5 9 2.591
5 9 3.229
5 9 2.419
5 9 3.223
5 9 2.445
5 9 2.897
5 9 2.593
5 9 3.976
5 9 3.565
5 9 2.405
5 9 2.812
5 9 2.477
5 9 2.610
5 9 3.169
5 9 2.932
5 9 2.455
5 9 3.540
5 9 2.697
5 9 2.549
5 9 3.719
5 9 3.065
5 9 2.315
5 9 3.492
5 9 2.565
5 9 2.682
5 9 2.509
5 9 3.682
5 9 4.342
5 9 2.975
5 9 2.776
5 9 4.726
5 9 2.654
5 9 2.338
5 9 4.796
5 9 3.138
5 9 2.509
5 9 2.436
5 9 2.321
5 9 2.545
5 9 2.483
5 9 3.414
5 9 3.147
5 9 2.547
5 9 2.381
5 9 3.145
5 9 3.566
5 9 2.938
5 9 2.369
5 9 2.678
5 9 2.772
5 9 4.362
5 9 2.980
5 9 5.518
5 9 2.497
5 9 2.832
5 9 2.835
5 9 3.303
5 9 2.581
6 5 61.376
6 5 60.782
6 5 61.151
6 5 61.398
6 5 62.926
6 5 61.932
6 5 61.186
6 5 63.292
6 5 60.571
6 5 61.418
6 5 61.043
6 5 60.944
6 5 62.980
6 5 63.134
6 5 62.306
6 5 61.152
6 5 64.119
6 5 61.539
6 5 61.173
6 5 62.939
6 5 60.339
6 5 63.645
6 5 60.506
6 5 60.391
6 5 60.651
6 5 60.799
6 5 60.728
6 5 62.035
6 5 63.283
6 5 61.927
6 5 61.836
6 5 61.035
6 5 60.491
6 5 63.002
6 5 61.212
6 5 60.641
6 5 60.379
6 5 61.753
6 5 63.286
6 5 60.625
6 5 61.463
6 5 61.708
6 5 60.741
6 5 60.237
6 5 61.751
6 5 60.348
6 5 60.662
6 5 60.839
6 5 61.428
6 5 61.039
6 5 61.117
6 5 61.147
6 5 60.569
6 5 62.125
6 5 60.769
6 5 60.520
6 5 61.021
6 5 62.162
6 5 61.963
6 5 60.423
6 5 62.072
6 5 61.376
6 5 60.594
6 5 61.566
6 5 62.222
6 5 61.920
6 5 61.881
6 5 62.855
6 5 61.516
6 5 61.947
6 5 61.248
6 5 60.678
6 5 60.781
6 5 62.975
6 5 61.338
6 5 61.091
6 5 61.121
6 5 60.385
6 5 60.788
6 5 60.488
6 5 62.944
6 5 60.588
6 5 60.348
6 5 61.220
6 5 60.928
6 5 60.949
6 5 60.932
6 5 60.539
6 5 60.729
6 5 61.596
6 5 61.505
6 5 60.433
6 5 61.955
6 5 60.897
6 5 61.046
6 5 60.519
6 5 61.426
6 9 197.090
6 9 200.527
6 9 202.047
6 9 201.285
6 9 201.113
6 9 201.588
6 9 201.743
6 9 202.456
6 9 200.522
6 9 202.138
6 9 200.919
6 9 202.093
6 9 200.745
6 9 201.839
6 9 200.544
6 9 200.627
6 9 201.223
6 9 203.730
6 9 201.889
6 9 202.919
6 9 201.484
6 9 200.841
6 9 203.374
6 9 201.292
6 9 201.788
6 9 200.685
6 9 201.177
6 9 202.379
6 9 200.770
6 9 201.060
6 9 202.808
6 9 200.843
6 9 200.611
6 9 201.787
6 9 201.101
6 9 201.410
6 9 200.769
6 9 200.703
6 9 201.481
6 9 201.504
6 9 202.809
6 9 200.866
6 9 201.753
6 9 200.873
6 9 202.604
6 9 200.522
6 9 201.293
6 9 201.868
6 9 200.999
6 9 200.782
6 9 200.476
6 9 200.772
6 9 202.544
6 9 201.418
6 9 202.021
6 9 201.387
6 9 200.992
6 9 201.180
6 9 201.437
6 9 201.787
6 9 200.631
6 9 200.717
6 9 201.605
6 9 201.741
6 9 200.542
6 9 202.519
6 9 203.580
6 9 201.346
6 9 200.803
6 9 202.278
6 9 200.856
6 9 201.419
6 9 201.453
6 9 201.282
6 9 201.402
6 9 206.010
6 9 200.999
6 9 200.748
6 9 201.213
6 9 201.073
6 9 201.278
6 9 201.551
6 9 202.009
6 9 200.968
6 9 201.032
6 9 201.503
6 9 200.398
6 9 200.564
6 9 202.965
6 9 201.807
6 9 200.759
6 9 201.022
6 9 201.397
6 9 200.615
7 8 253.644
7 8 100.838
7 8 100.792
7 8 101.786
7 8 101.435
7 8 100.593
7 8 102.940
7 8 100.876
7 8 102.168
7 8 101.011
7 8 100.641
7 8 101.464
7 8 102.384
7 8 100.788
7 8 101.229
7 8 101.155
7 8 100.577
7 8 101.580
7 8 100.722
7 8 102.226
7 8 101.260
7 8 102.215
7 8 100.821
7 8 100.952
7 8 100.781
7 8 100.970
7 8 101.557
7 8 100.646
7 8 101.196
7 8 101.197
7 8 100.970
7 8 100.482
7 8 101.963
7 8 100.404
7 8 101.358
7 8 100.613
7 8 100.930
7 8 101.591
7 8 100.614
7 8 101.309
7 8 100.654
7 8 101.260
7 8 101.355
7 8 102.059
7 8 100.454
7 8 100.247
7 8 101.290
7 8 102.547
7 8 100.499
7 8 100.756
7 8 100.234
7 8 103.633
7 8 100.974
7 8 101.962
7 8 101.550
7 8 100.991
7 8 101.923
7 8 100.382
7 8 100.793
7 8 101.083
7 8 100.491
7 8 103.876
7 8 101.320
7 8 100.431
7 8 100.913
7 8 102.016
7 8 101.114
7 8 101.114
7 8 103.561
7 8 100.714
7 8 100.561
7 8 100.837
7 8 100.448
7 8 100.370
7 8 100.710
7 8 101.780
7 8 100.385
7 8 101.553
7 8 101.930
7 8 100.676
7 8 101.385
7 8 101.382
7 8 100.765
7 8 101.120
7 8 102.389
7 8 100.273
7 8 101.450
7 8 101.106
7 8 100.548
7 8 100.749
7 8 102.646
7 8 100.899
7 8 100.588
7 8 101.266
7 8 101.854
7 8 104.088
7 8 102.209
7 8 102.113
7 8 102.664
7 8 100.736
7 8 101.335
7 8 101.423
7 8 100.931
7 8 101.339
7 8 103.255
7 8 100.943
7 8 100.710
7 8 100.331
7 8 100.966
7 8 100.548
7 8 101.609
7 8 102.174
7 8 102.887
7 8 104.413
7 8 101.931
7 8 100.911
7 8 100.446
7 8 100.630
7 8 100.395
7 8 100.395
7 8 101.603
7 8 101.125
7 8 101.306
7 8 100.515
7 8 102.183
7 8 100.602
7 8 100.416
7 8 100.605
7 8 100.640
7 8 100.553
7 8 102.331
7 8 101.551
7 8 100.840
7 8 100.327
7 8 102.322
7 8 100.463
7 8 102.176
7 8 101.169
7 8 101.166
7 8 100.607
7 8 101.927
7 8 102.102
7 8 101.063
7 8 101.850
7 8 101.666
7 8 101.440
7 8 100.481
7 8 100.842
7 8 100.863
7 8 101.916
7 8 101.116
7 8 100.570
7 8 101.692
7 8 103.263
7 8 100.876
7 8 102.930
7 8 102.126
7 8 102.273
7 8 100.850
7 8 100.410
7 8 101.081
7 8 100.932
7 8 101.276
7 8 101.013
7 8 101.440
7 8 101.821
7 8 100.500
7 8 100.635
7 8 101.331
7 8 100.881
8 5 174.574
8 5 201.633
8 5 201.285
8 5 201.144
8 5 201.201
8 5 202.491
8 5 200.740
8 5 201.134
8 5 201.260
8 5 201.022
8 5 201.538
8 5 201.094
8 5 200.389
8 5 203.188
8 5 201.857
8 5 201.264
8 5 200.362
8 5 200.608
8 5 202.300
8 5 201.062
8 5 200.851
8 5 202.810
8 5 201.008
8 5 200.760
8 5 200.774
8 5 201.428
8 5 201.616
8 5 200.869
8 5 201.415
8 5 200.489
8 5 201.108
8 5 200.878
8 5 200.938
8 5 201.605
8 5 201.694
8 5 200.728
8 5 201.012
8 5 202.910
8 5 201.390
8 5 200.392
8 5 200.953
8 5 201.374
8 5 203.188
8 5 201.734
8 5 200.708
8 5 201.093
8 5 201.426
8 5 200.507
8 5 200.453
8 5 200.475
8 5 201.116
8 5 201.712
8 5 201.244
8 5 200.680
8 5 200.874
8 5 200.546
8 5 200.442
8 5 200.947
8 5 201.059
8 5 200.888
8 5 202.190
8 5 201.531
8 5 201.246
8 5 201.311
8 5 200.678
8 5 202.557
8 5 201.536
8 5 201.612
8 5 201.649
8 5 200.582
8 9 82.911
8 9 61.396
8 9 61.535
8 9 61.095
8 9 61.722
8 9 61.252
8 9 61.979
8 9 60.909
8 9 60.879
8 9 60.790
8 9 60.831
8 9 61.752
8 9 61.740
8 9 63.606
8 9 62.509
8 9 60.664
8 9 60.255
8 9 61.368
8 9 62.873
8 9 60.568
8 9 62.071
8 9 61.443
8 9 60.561
8 9 60.916
8 9 61.581
8 9 60.478
8 9 64.002
8 9 60.300
8 9 62.203
8 9 60.519
8 9 60.897
8 9 60.637
8 9 61.077
8 9 61.466
8 9 60.687
8 9 62.188
8 9 63.006
8 9 60.765
8 9 60.331
8 9 61.298
8 9 61.160
8 9 62.832
8 9 61.466
8 9 60.372
8 9 61.175
8 9 61.259
8 9 60.294
8 9 61.058
8 9 60.823
8 9 60.871
8 9 63.267
8 9 61.293
8 9 61.108
8 9 61.614
8 9 60.903
8 9 60.401
8 9 63.045
8 9 60.289
8 9 60.952
8 9 61.284
8 9 61.252
8 9 61.250
8 9 60.946
8 9 60.824
8 9 60.933
8 9 61.044
8 9 60.510
8 9 60.576
8 9 60.783
8 9 62.829
8 9 60.919
8 9 60.701
8 9 60.764
8 9 61.507
8 9 61.096
8 9 60.501
8 9 60.581
8 9 60.805
8 9 61.108
9 5 2.417
9 5 3.446
9 5 3.167
9 5 3.305
9 5 3.671
9 5 2.366
9 5 2.747
9 5 2.721
9 5 2.963
9 5 2.423
9 5 2.351
9 5 2.795
9 5 2.502
9 5 7.372
9 5 3.525
9 5 3.011
9 6 200.854
9 6 202.171
9 6 200.945
9 6 201.776
9 6 201.345
9 6 203.630
9 6 201.563
9 6 200.556
9 6 200.651
9 6 200.418
9 6 200.863
9 6 200.893
9 6 202.147
9 6 202.315
9 6 202.596
9 6 200.757
9 6 200.392
9 6 200.810
9 6 202.171
9 6 200.475
9 6 200.323
9 6 201.067
9 6 201.151
9 6 200.694
9 6 203.009
9 6 200.493
9 6 204.128
9 6 203.179
9 6 200.465
9 6 201.064
9 6 201.040
9 6 200.768
9 6 200.818
9 6 202.030
9 6 201.577
9 6 200.795
9 6 202.476
9 6 201.836
9 6 200.775
9 6 201.609
9 6 200.611
9 6 200.639
9 6 200.629
9 6 203.774
9 6 201.314
9 6 201.925
9 6 201.279
9 6 200.261
9 6 201.750
9 6 201.906
9 6 203.177
9 6 200.224
9 6 202.599
9 6 200.668
9 6 202.230
9 6 202.497
9 6 201.079
9 6 201.765
9 6 201.992
9 6 203.190
9 6 200.444
9 6 258.282
9 6 202.992
9 6 201.297
9 6 200.819
9 6 201.438
9 6 200.526
9 6 202.122
9 6 201.690
9 6 201.293
9 6 201.557
9 6 200.630
9 6 200.435
9 6 201.254
9 6 201.845
9 6 200.635
9 6 200.809
9 8 60.265
9 8 60.359
9 8 61.144
9 8 60.849
9 8 60.842
9 8 61.397
9 8 60.844
9 8 61.173
9 8 61.397
9 8 60.592
9 8 62.341
9 8 61.654
9 8 61.044
9 8 61.487
9 8 61.362
9 8 62.389
9 8 61.802
9 8 60.664
9 8 60.936
9 8 60.584
9 8 60.783
9 8 61.815
9 8 62.503
9 8 61.678
9 8 64.514
9 8 61.592
9 8 61.096
9 8 61.032
9 8 62.207
9 8 60.240
9 8 63.010
9 8 62.029
9 8 60.538
9 8 61.855
9 8 60.713
9 8 61.522
9 8 61.220
9 8 61.412
9 8 61.007
9 8 60.913
9 8 60.850
9 8 60.839
9 8 60.946
9 8 60.908
9 8 61.300
9 8 60.582
9 8 61.332
9 8 61.824
9 8 62.228
9 8 61.014
9 8 62.029
9 8 61.580
9 8 60.525
9 8 60.818
9 8 62.180
9 8 60.656
9 8 60.741
9 8 60.524
9 8 61.819
9 8 61.037
9 8 62.276
9 8 61.193
9 8 61.297
9 8 61.095
9 8 61.442
9 8 62.377
9 8 60.741
9 8 60.755
9 8 60.759
9 8 61.082
9 8 62.808
9 8 61.156
9 8 61.976
9 8 61.355
9 8 60.484
9 8 61.892
9 8 61.613
