1 1 7.8501 1 7.7251 1 6.8231 1 7.0751 1 7.9091 1 7.7161 1 14.2291 1 53.2011 1 8.5731 1 27.4121 1 17.9361 1 16.5971 1 9.6221 1 6.5341 1 10.446
1 1 36.444
1 1 21.493
1 1 32.774
1 1 6.115
1 1 5.548
1 1 25.758
1 1 7.583
1 1 38.511
1 2 28.419
1 2 20.541
1 2 22.695
1 2 20.984
1 2 20.676
1 2 23.963
1 2 21.101
1 2 20.891
2 1 21.651
1 2 21.005
2 1 21.093
1 2 21.114
2 1 20.532
1 2 20.705
2 1 20.775
1 2 22.118
2 1 28.931
1 2 21.040
2 1 23.901
1 2 20.846
2 1 22.307
1 2 22.073
2 1 22.752
1 2 21.036
2 1 21.105
1 2 20.484
2 1 21.644
1 2 21.305
2 1 21.442
1 2 21.403
2 1 20.856
1 2 20.570
1 2 21.602
2 1 20.784
1 1 0.053
1 1 0.053
1 1 0.060
1 1 0.108
1 1 0.051
1 1 0.134
1 1 0.115
1 1 0.061
1 1 0.082
1 1 0.067
1 1 0.069
1 1 0.110
1 1 0.083
1 1 0.060
1 1 0.092
1 1 0.035
1 1 0.040
1 1 0.106
1 1 0.055
1 1 0.078
1 1 0.038
1 1 0.054
1 1 0.043
1 1 0.099
1 1 0.081
1 1 0.058
1 1 0.078
1 1 0.078
1 1 0.130
1 1 0.067
1 1 0.126
1 1 0.028
1 1 0.031
1 1 0.025
1 1 0.024
1 1 0.022
1 1 0.020
1 1 0.020
1 1 0.019
1 1 0.076
1 1 0.082
1 1 0.106
1 1 0.045
1 1 0.069
1 1 0.051
1 1 0.054
1 1 0.046
1 1 0.067
1 1 0.074
1 1 0.057
1 1 0.048
1 1 0.055
1 1 0.057
1 1 0.055
1 1 0.049
1 1 0.057
1 1 0.053
1 1 0.049
1 1 0.067
1 1 0.049
1 1 0.055
1 1 0.051
1 1 0.069
1 1 0.056
1 1 0.060
1 1 0.072
1 1 0.059
1 1 0.062
1 1 0.118
1 1 0.087
1 1 0.055
1 1 0.065
1 1 0.055
1 1 0.057
1 1 0.050
1 1 0.085
1 1 0.061
1 1 0.042
1 1 0.055
1 1 0.057
1 1 0.067
1 1 0.051
1 1 0.052
1 1 0.053
1 1 0.064
1 1 0.048
1 1 0.062
1 1 0.052
1 1 0.044
1 1 0.140
1 1 0.037
1 1 0.048
1 1 0.055
1 1 0.075
1 1 0.063
1 1 0.065
1 1 0.401
1 1 0.073
1 1 0.051
1 1 0.053
1 1 0.053
1 1 0.073
1 1 0.051
1 1 0.064
1 1 0.059
1 1 0.063
1 1 0.050
1 1 0.052
1 1 0.042
1 1 0.050
1 1 0.053
1 1 0.048
1 1 0.045
1 1 0.040
1 1 0.119
1 1 0.070
1 1 0.049
1 1 0.049
1 1 0.046
1 1 0.117
1 1 0.076
1 1 0.092
1 1 0.057
1 1 0.108
1 1 0.058
1 1 0.047
1 1 0.144
1 1 0.070
1 1 0.060
1 1 0.118
1 1 0.096
1 1 0.072
1 1 0.061
1 1 0.061
1 1 0.055
1 1 0.044
1 1 0.057
1 1 0.051
1 1 0.053
1 1 0.110
1 1 0.070
1 1 0.055
1 1 0.084
1 1 0.053
1 1 0.098
1 1 0.062
1 1 0.056
1 1 0.050
1 1 0.063
1 1 0.050
1 1 0.051
1 1 0.060
1 1 0.060
1 1 0.066
1 1 0.073
1 1 0.052
1 1 0.052
1 1 0.048
1 1 0.055
1 1 0.144
1 1 0.052
1 1 0.051
1 1 0.058
1 1 0.075
1 1 0.050
1 1 0.053
1 1 0.058
1 1 0.058
1 1 0.053
1 1 0.051
1 1 0.049
1 1 0.067
1 1 0.058
1 1 0.055
1 1 0.063
1 1 0.071
1 1 0.057
1 1 0.085
1 1 0.063
1 1 0.066
1 1 0.079
1 1 0.066
1 1 0.067
1 1 0.068
1 1 0.066
1 1 0.072
1 1 0.079
1 1 0.109
1 1 0.069
1 1 0.115
1 1 0.054
1 1 0.097
1 1 0.069
1 1 0.061
1 1 0.065
1 1 0.044
1 1 0.070
1 1 0.097
1 1 0.070
1 1 0.061
1 1 0.053
1 1 0.048
1 1 0.100
1 1 0.045
1 1 0.050
1 1 0.040
1 1 0.040
1 1 0.040
1 1 0.066
1 1 0.083
1 1 0.076
1 1 0.052
1 1 0.061
1 1 0.058
1 1 0.046
1 1 0.069
1 1 0.051
1 1 0.039
1 1 0.061
1 1 0.068
1 1 0.119
1 1 0.064
1 1 0.050
1 1 0.055
1 1 0.063
1 1 0.054
1 1 0.063
1 1 0.057
1 1 0.068
1 1 0.054
1 1 0.082
1 1 0.055
1 1 0.062
1 1 0.057
1 1 0.071
1 1 0.050
1 1 0.040
1 1 0.038
1 1 0.065
1 1 0.068
1 1 0.081
1 1 0.085
1 1 0.057
1 1 0.071
1 1 0.058
1 1 0.076
1 1 0.055
1 1 0.062
1 1 0.067
1 1 0.099
1 1 0.068
1 1 0.094
1 1 0.050
1 1 0.050
1 1 0.047
1 1 0.053
1 1 0.044
1 1 0.054
1 1 0.064
1 1 0.098
1 1 0.082
1 1 0.059
1 1 0.053
1 1 0.052
1 1 0.057
1 1 0.065
1 1 0.052
1 1 0.081
1 1 0.055
1 1 0.053
1 1 0.059
1 1 0.045
1 1 0.039
1 1 0.072
1 1 0.038
1 1 0.051
1 1 0.056
1 1 0.057
1 1 0.060
1 1 0.055
1 1 0.071
1 1 0.087
1 1 0.053
1 1 0.068
1 1 0.094
1 1 0.030
1 1 0.093
1 1 0.050
1 1 0.040
1 1 0.063
1 1 0.086
1 1 0.049
1 1 0.055
1 1 0.058
1 1 0.058
1 1 0.052
1 1 0.065
2 1 9.309
2 1 6.727
2 1 6.107
2 1 5.523
2 1 5.266
2 1 28.189
2 1 57.294
2 1 5.547
2 1 8.808
2 1 5.665
2 1 6.525
2 1 6.806
2 1 9.861
2 1 5.856
2 1 8.768
2 1 6.417
2 1 6.341
2 1 6.657
2 1 6.387
2 1 6.259
2 1 5.602
2 1 9.590
2 1 5.978
2 1 8.551
2 1 7.013
2 1 6.589
2 1 44.822
2 1 15.279
2 1 5.612
2 1 6.046
2 1 5.330
2 1 5.339
2 1 5.582
2 1 41.707
2 1 19.762
2 1 5.606
2 1 5.856
2 1 6.577
2 1 6.853
2 1 6.042
2 1 16.674
2 1 7.532
2 1 5.237
2 1 5.701
2 1 5.362
2 1 5.311
2 1 5.587
2 1 5.221
2 1 7.657
2 1 7.175
2 1 5.620
2 1 4.913
2 1 5.521
2 1 18.277
2 1 7.805
2 1 6.479
2 1 5.427
2 1 5.882
2 1 5.889
2 1 28.976
2 1 44.614
2 1 9.081
2 1 6.101
2 1 8.875
2 1 5.665
2 1 23.012
2 1 30.035
2 1 5.438
2 1 5.480
2 1 6.090
2 1 16.280
2 1 77.756
2 1 15.229
2 1 6.158
2 1 5.580
2 1 5.466
2 1 6.974
2 1 5.803
2 1 5.797
2 1 5.405
2 1 5.712
2 1 5.859
2 1 55.752
2 1 6.245
2 1 6.556
2 1 8.475
1 2 531.615
2 1 551.535
1 2 21.560
2 1 20.560
1 2 20.138
2 1 20.295
1 2 20.332
2 1 20.232
1 2 20.889
2 1 21.328
1 2 20.592
2 1 20.455
1 2 20.495
2 1 21.309
1 2 20.888
2 1 21.806
1 2 23.134
2 1 20.532
1 2 21.658
2 1 21.257
1 2 20.764
2 1 23.710
1 2 24.162
2 1 23.120
1 2 21.518
2 1 20.491
1 2 21.032
2 1 21.458
1 2 20.839
2 1 22.202
1 2 21.020
2 1 20.471
1 2 20.724
2 1 20.715
1 2 20.481
2 1 21.564
1 2 21.495
2 1 23.835
1 2 21.713
2 1 23.448
1 2 21.202
2 1 21.294
1 2 20.944
2 1 21.591
1 2 21.629
2 1 20.516
1 2 21.075
2 1 20.450
1 2 20.765
2 1 21.534
1 2 21.860
2 1 22.298
1 2 21.248
2 1 22.321
1 2 20.848
2 1 20.732
1 2 20.891
2 1 21.883
1 2 22.189
2 1 20.625
1 2 21.198
2 1 20.581
1 2 20.398
2 1 21.717
1 2 22.187
2 1 20.730
1 2 21.444
2 1 22.982
1 2 21.083
2 1 21.617
1 2 22.113
2 1 20.890
1 2 22.462
2 1 21.467
1 2 21.593
2 1 22.505 bottom,e
